2022-08-16 03:40:08,502 INFO com.capgemini.manageinventoryservice.ManageInventoryServiceApplication [main] Starting ManageInventoryServiceApplication using Java 1.8.0_341 on TYAGIs-MacBook-Air.local with PID 72429 (/Users/tyagi/Downloads/HotelManagementSystem/manage-inventory-service/target/classes started by tyagi in /Users/tyagi/Downloads/HotelManagementSystem/manage-inventory-service)
2022-08-16 03:40:08,510 INFO com.capgemini.manageinventoryservice.ManageInventoryServiceApplication [main] No active profile set, falling back to 1 default profile: "default"
2022-08-16 03:40:14,055 INFO com.capgemini.manageinventoryservice.ManageInventoryServiceApplication [main] Started ManageInventoryServiceApplication in 5.998 seconds (JVM running for 6.67)
2022-08-16 03:44:21,514 INFO com.capgemini.manageinventoryservice.controller.InventoryController [http-nio-8082-exec-1] Add Inventory has been accessed
2022-08-16 03:44:36,544 INFO com.capgemini.manageinventoryservice.controller.InventoryController [http-nio-8082-exec-3] View All Inventory has been accessed
2022-08-16 03:45:36,581 INFO com.capgemini.manageinventoryservice.controller.InventoryController [http-nio-8082-exec-5] View All Inventory has been accessed
2022-08-16 03:45:42,849 INFO com.capgemini.manageinventoryservice.controller.InventoryController [http-nio-8082-exec-6] View All Inventory has been accessed
2022-08-16 03:49:30,753 INFO com.capgemini.manageinventoryservice.ManageInventoryServiceApplication [main] Starting ManageInventoryServiceApplication using Java 1.8.0_341 on TYAGIs-MacBook-Air.local with PID 75564 (/Users/tyagi/Downloads/HotelManagementSystem/manage-inventory-service/target/classes started by tyagi in /Users/tyagi/Downloads/HotelManagementSystem/manage-inventory-service)
2022-08-16 03:49:30,759 INFO com.capgemini.manageinventoryservice.ManageInventoryServiceApplication [main] No active profile set, falling back to 1 default profile: "default"
2022-08-16 03:49:36,600 INFO com.capgemini.manageinventoryservice.ManageInventoryServiceApplication [main] Started ManageInventoryServiceApplication in 6.321 seconds (JVM running for 7.418)
2022-08-16 03:49:46,151 INFO com.capgemini.manageinventoryservice.controller.InventoryController [http-nio-8082-exec-1] View inventory by name has been accessed
2022-08-16 03:49:49,503 INFO com.capgemini.manageinventoryservice.controller.InventoryController [http-nio-8082-exec-4] View inventory by name has been accessed
2022-08-16 03:49:54,722 INFO com.capgemini.manageinventoryservice.controller.InventoryController [http-nio-8082-exec-5] Update inventory has been accessed
2022-08-16 03:50:00,517 INFO com.capgemini.manageinventoryservice.controller.InventoryController [http-nio-8082-exec-3] View all inventory has been accessed
2022-08-16 03:50:03,491 INFO com.capgemini.manageinventoryservice.controller.InventoryController [http-nio-8082-exec-6] Delete inventory has been accessed
2022-08-16 03:50:03,701 INFO com.capgemini.manageinventoryservice.controller.InventoryController [http-nio-8082-exec-2] View all inventory has been accessed
2022-08-16 09:32:20,740 INFO com.capgemini.manageinventoryservice.ManageInventoryServiceApplication [main] Starting ManageInventoryServiceApplication using Java 1.8.0_341 on TYAGIs-MacBook-Air.local with PID 83978 (/Users/tyagi/Downloads/HotelManagementSystem/manage-inventory-service/target/classes started by tyagi in /Users/tyagi/Downloads/HotelManagementSystem/manage-inventory-service)
2022-08-16 09:32:20,743 INFO com.capgemini.manageinventoryservice.ManageInventoryServiceApplication [main] No active profile set, falling back to 1 default profile: "default"
2022-08-16 09:32:25,950 INFO com.capgemini.manageinventoryservice.ManageInventoryServiceApplication [main] Started ManageInventoryServiceApplication in 5.643 seconds (JVM running for 6.292)
2022-08-16 10:25:45,313 INFO com.capgemini.manageinventoryservice.controller.InventoryController [http-nio-8082-exec-2] Add inventory has been accessed
2022-08-16 10:25:51,088 INFO com.capgemini.manageinventoryservice.controller.InventoryController [http-nio-8082-exec-1] View inventory by name has been accessed
2022-08-16 10:25:51,295 ERROR org.apache.catalina.core.ContainerBase.[Tomcat].[localhost].[/].[dispatcherServlet] [http-nio-8082-exec-1] Servlet.service() for servlet [dispatcherServlet] in context with path [] threw exception [Request processing failed; nested exception is org.springframework.dao.IncorrectResultSizeDataAccessException: query did not return a unique result: 2; nested exception is javax.persistence.NonUniqueResultException: query did not return a unique result: 2] with root cause
javax.persistence.NonUniqueResultException: query did not return a unique result: 2
	at org.hibernate.internal.ExceptionConverterImpl.convert(ExceptionConverterImpl.java:128)
	at org.hibernate.query.internal.AbstractProducedQuery.getSingleResult(AbstractProducedQuery.java:1672)
	at org.hibernate.query.criteria.internal.compile.CriteriaQueryTypeQueryAdapter.getSingleResult(CriteriaQueryTypeQueryAdapter.java:111)
	at org.springframework.data.jpa.repository.query.JpaQueryExecution$SingleEntityExecution.doExecute(JpaQueryExecution.java:198)
	at org.springframework.data.jpa.repository.query.JpaQueryExecution.execute(JpaQueryExecution.java:90)
	at org.springframework.data.jpa.repository.query.AbstractJpaQuery.doExecute(AbstractJpaQuery.java:156)
	at org.springframework.data.jpa.repository.query.AbstractJpaQuery.execute(AbstractJpaQuery.java:144)
	at org.springframework.data.repository.core.support.RepositoryMethodInvoker.doInvoke(RepositoryMethodInvoker.java:137)
	at org.springframework.data.repository.core.support.RepositoryMethodInvoker.invoke(RepositoryMethodInvoker.java:121)
	at org.springframework.data.repository.core.support.QueryExecutorMethodInterceptor.doInvoke(QueryExecutorMethodInterceptor.java:160)
	at org.springframework.data.repository.core.support.QueryExecutorMethodInterceptor.invoke(QueryExecutorMethodInterceptor.java:139)
	at org.springframework.aop.framework.ReflectiveMethodInvocation.proceed(ReflectiveMethodInvocation.java:186)
	at org.springframework.data.projection.DefaultMethodInvokingMethodInterceptor.invoke(DefaultMethodInvokingMethodInterceptor.java:81)
	at org.springframework.aop.framework.ReflectiveMethodInvocation.proceed(ReflectiveMethodInvocation.java:186)
	at org.springframework.transaction.interceptor.TransactionInterceptor$1.proceedWithInvocation(TransactionInterceptor.java:123)
	at org.springframework.transaction.interceptor.TransactionAspectSupport.invokeWithinTransaction(TransactionAspectSupport.java:388)
	at org.springframework.transaction.interceptor.TransactionInterceptor.invoke(TransactionInterceptor.java:119)
	at org.springframework.aop.framework.ReflectiveMethodInvocation.proceed(ReflectiveMethodInvocation.java:186)
	at org.springframework.dao.support.PersistenceExceptionTranslationInterceptor.invoke(PersistenceExceptionTranslationInterceptor.java:137)
	at org.springframework.aop.framework.ReflectiveMethodInvocation.proceed(ReflectiveMethodInvocation.java:186)
	at org.springframework.data.jpa.repository.support.CrudMethodMetadataPostProcessor$CrudMethodMetadataPopulatingMethodInterceptor.invoke(CrudMethodMetadataPostProcessor.java:145)
	at org.springframework.aop.framework.ReflectiveMethodInvocation.proceed(ReflectiveMethodInvocation.java:186)
	at org.springframework.aop.interceptor.ExposeInvocationInterceptor.invoke(ExposeInvocationInterceptor.java:97)
	at org.springframework.aop.framework.ReflectiveMethodInvocation.proceed(ReflectiveMethodInvocation.java:186)
	at org.springframework.aop.framework.JdkDynamicAopProxy.invoke(JdkDynamicAopProxy.java:215)
	at com.sun.proxy.$Proxy129.findByItemname(Unknown Source)
	at com.capgemini.manageinventoryservice.service.impl.InventoryServiceImpl.viewInventByName(InventoryServiceImpl.java:56)
	at com.capgemini.manageinventoryservice.controller.InventoryController.findInventByName(InventoryController.java:94)
	at sun.reflect.NativeMethodAccessorImpl.invoke0(Native Method)
	at sun.reflect.NativeMethodAccessorImpl.invoke(NativeMethodAccessorImpl.java:62)
	at sun.reflect.DelegatingMethodAccessorImpl.invoke(DelegatingMethodAccessorImpl.java:43)
	at java.lang.reflect.Method.invoke(Method.java:498)
	at org.springframework.web.method.support.InvocableHandlerMethod.doInvoke(InvocableHandlerMethod.java:205)
	at org.springframework.web.method.support.InvocableHandlerMethod.invokeForRequest(InvocableHandlerMethod.java:150)
	at org.springframework.web.servlet.mvc.method.annotation.ServletInvocableHandlerMethod.invokeAndHandle(ServletInvocableHandlerMethod.java:117)
	at org.springframework.web.servlet.mvc.method.annotation.RequestMappingHandlerAdapter.invokeHandlerMethod(RequestMappingHandlerAdapter.java:895)
	at org.springframework.web.servlet.mvc.method.annotation.RequestMappingHandlerAdapter.handleInternal(RequestMappingHandlerAdapter.java:808)
	at org.springframework.web.servlet.mvc.method.AbstractHandlerMethodAdapter.handle(AbstractHandlerMethodAdapter.java:87)
	at org.springframework.web.servlet.DispatcherServlet.doDispatch(DispatcherServlet.java:1067)
	at org.springframework.web.servlet.DispatcherServlet.doService(DispatcherServlet.java:963)
	at org.springframework.web.servlet.FrameworkServlet.processRequest(FrameworkServlet.java:1006)
	at org.springframework.web.servlet.FrameworkServlet.doGet(FrameworkServlet.java:898)
	at javax.servlet.http.HttpServlet.service(HttpServlet.java:655)
	at org.springframework.web.servlet.FrameworkServlet.service(FrameworkServlet.java:883)
	at javax.servlet.http.HttpServlet.service(HttpServlet.java:764)
	at org.apache.catalina.core.ApplicationFilterChain.internalDoFilter(ApplicationFilterChain.java:227)
	at org.apache.catalina.core.ApplicationFilterChain.doFilter(ApplicationFilterChain.java:162)
	at org.apache.tomcat.websocket.server.WsFilter.doFilter(WsFilter.java:53)
	at org.apache.catalina.core.ApplicationFilterChain.internalDoFilter(ApplicationFilterChain.java:189)
	at org.apache.catalina.core.ApplicationFilterChain.doFilter(ApplicationFilterChain.java:162)
	at org.springframework.web.filter.CharacterEncodingFilter.doFilterInternal(CharacterEncodingFilter.java:201)
	at org.springframework.web.filter.OncePerRequestFilter.doFilter(OncePerRequestFilter.java:117)
	at org.apache.catalina.core.ApplicationFilterChain.internalDoFilter(ApplicationFilterChain.java:189)
	at org.apache.catalina.core.ApplicationFilterChain.doFilter(ApplicationFilterChain.java:162)
	at org.apache.catalina.core.StandardWrapperValve.invoke(StandardWrapperValve.java:197)
	at org.apache.catalina.core.StandardContextValve.invoke(StandardContextValve.java:97)
	at org.apache.catalina.authenticator.AuthenticatorBase.invoke(AuthenticatorBase.java:541)
	at org.apache.catalina.core.StandardHostValve.invoke(StandardHostValve.java:135)
	at org.apache.catalina.valves.ErrorReportValve.invoke(ErrorReportValve.java:92)
	at org.apache.catalina.core.StandardEngineValve.invoke(StandardEngineValve.java:78)
	at org.apache.catalina.connector.CoyoteAdapter.service(CoyoteAdapter.java:360)
	at org.apache.coyote.http11.Http11Processor.service(Http11Processor.java:399)
	at org.apache.coyote.AbstractProcessorLight.process(AbstractProcessorLight.java:65)
	at org.apache.coyote.AbstractProtocol$ConnectionHandler.process(AbstractProtocol.java:890)
	at org.apache.tomcat.util.net.NioEndpoint$SocketProcessor.doRun(NioEndpoint.java:1787)
	at org.apache.tomcat.util.net.SocketProcessorBase.run(SocketProcessorBase.java:49)
	at org.apache.tomcat.util.threads.ThreadPoolExecutor.runWorker(ThreadPoolExecutor.java:1191)
	at org.apache.tomcat.util.threads.ThreadPoolExecutor$Worker.run(ThreadPoolExecutor.java:659)
	at org.apache.tomcat.util.threads.TaskThread$WrappingRunnable.run(TaskThread.java:61)
	at java.lang.Thread.run(Thread.java:750)
2022-08-16 10:26:01,923 INFO com.capgemini.manageinventoryservice.controller.InventoryController [http-nio-8082-exec-3] View all inventory has been accessed
